This file contains any messages produced by compilers while
running configure, to aid debugging if configure makes a mistake.

It was created by configure, which was
generated by GNU Autoconf 2.53.  Invocation command line was

  $ ./configure 

## --------- ##
## Platform. ##
## --------- ##

hostname = PPC-3
uname -m = PowerPC
uname -r = 3.1.0
uname -s = LynxOS
uname -v = 071000-F

/usr/bin/uname -p = unknown
/bin/uname -X     = unknown

/bin/arch              = unknown
/usr/bin/arch -k       = unknown
/usr/convex/getsysinfo = unknown
hostinfo               = unknown
/bin/machine           = unknown
/usr/bin/oslevel       = unknown
/bin/universe          = unknown

PATH: /bin
PATH: /bin/ces
PATH: /usr/bin
PATH: /usr/local/bin
PATH: .
PATH: /home/lmaier/RioHome/bin


## ----------- ##
## Core tests. ##
## ----------- ##

configure:1231: checking for a BSD-compatible install
configure:1285: result: /bin/install -c
configure:1296: checking whether build environment is sane
configure:1339: result: yes
configure:1372: checking for gawk
configure:1388: found /bin/gawk
configure:1398: result: gawk
configure:1408: checking whether make sets ${MAKE}
configure:1428: result: yes
configure:1573: checking whether to enable maintainer-specific portions of Makefiles
configure:1582: result: no
configure:1644: checking for gcc
configure:1660: found /bin/gcc
configure:1670: result: gcc
configure:1914: checking for C compiler version
configure:1917: gcc --version </dev/null >&5
2.9-gnupro-98r2
configure:1920: $? = 0
configure:1922: gcc -v </dev/null >&5
Reading specs from /usr/lib/gcc-lib/ppc-xcoff-lynxos/2.9-gnupro-98r2/specs
gcc version 2.9-gnupro-98r2
configure:1925: $? = 0
configure:1927: gcc -V </dev/null >&5
gcc: argument to `-V' is missing
configure:1930: $? = 1
configure:1956: checking for C compiler default output
configure:1959: gcc    conftest.c  >&5
configure:1962: $? = 0
configure:1995: result: a.out
configure:2000: checking whether the C compiler works
configure:2006: ./a.out
configure:2009: $? = 0
configure:2024: result: yes
configure:2031: checking whether we are cross compiling
configure:2033: result: no
configure:2036: checking for suffix of executables
configure:2038: gcc -o conftest    conftest.c  >&5
configure:2041: $? = 0
configure:2063: result: 
configure:2069: checking for suffix of object files
configure:2093: gcc -c   conftest.c >&5
configure:2096: $? = 0
configure:2115: result: o
configure:2119: checking whether we are using the GNU C compiler
configure:2146: gcc -c   conftest.c >&5
configure:2149: $? = 0
configure:2152: test -s conftest.o
configure:2155: $? = 0
configure:2167: result: yes
configure:2173: checking whether gcc accepts -g
configure:2197: gcc -c -g  conftest.c >&5
configure:2200: $? = 0
configure:2203: test -s conftest.o
configure:2206: $? = 0
configure:2216: result: yes
configure:2243: gcc -c -g -O2  conftest.c >&5
conftest.c(2) : error: parse error before `me'
configure:2246: $? = 1
configure: failed program was:
#ifndef __cplusplus
  choke me
#endif
configure:2375: checking for style of include used by make
configure:2403: result: GNU
configure:2431: checking dependency style of gcc
configure:2493: result: gcc
configure:2502: checking for gcc option to accept ANSI C
configure:2568: gcc  -c -g -O2  conftest.c >&5
configure:2571: $? = 0
configure:2574: test -s conftest.o
configure:2577: $? = 0
configure:2591: result: none needed
configure:2643: checking for ranlib
configure:2659: found /bin/ranlib
configure:2670: result: ranlib
configure:2689: checking how to run the C preprocessor
configure:2715: gcc -E  conftest.c
configure:2721: $? = 0
configure:2748: gcc -E  conftest.c
configure(2744) error: ac_nonexistent.h: File or directory doesn't exist
configure:2754: $? = 1
configure: failed program was:
#line 2743 "configure"
#include "confdefs.h"
#include <ac_nonexistent.h>
configure:2791: result: gcc -E
configure:2806: gcc -E  conftest.c
configure:2812: $? = 0
configure:2839: gcc -E  conftest.c
configure(2835) error: ac_nonexistent.h: File or directory doesn't exist
configure:2845: $? = 1
configure: failed program was:
#line 2834 "configure"
#include "confdefs.h"
#include <ac_nonexistent.h>
configure:2885: checking for ANSI C header files
configure:2899: gcc -E  conftest.c
configure:2905: $? = 0
configure:2990: gcc -o conftest -g -O2   conftest.c  >&5
configure:2993: $? = 0
configure:2995: ./conftest
configure:2998: $? = 0
configure:3012: result: yes
configure:3036: checking for sys/types.h
configure:3049: gcc -c -g -O2  conftest.c >&5
configure:3052: $? = 0
configure:3055: test -s conftest.o
configure:3058: $? = 0
configure:3068: result: yes
configure:3036: checking for sys/stat.h
configure:3049: gcc -c -g -O2  conftest.c >&5
configure:3052: $? = 0
configure:3055: test -s conftest.o
configure:3058: $? = 0
configure:3068: result: yes
configure:3036: checking for stdlib.h
configure:3049: gcc -c -g -O2  conftest.c >&5
configure:3052: $? = 0
configure:3055: test -s conftest.o
configure:3058: $? = 0
configure:3068: result: yes
configure:3036: checking for string.h
configure:3049: gcc -c -g -O2  conftest.c >&5
configure:3052: $? = 0
configure:3055: test -s conftest.o
configure:3058: $? = 0
configure:3068: result: yes
configure:3036: checking for memory.h
configure:3049: gcc -c -g -O2  conftest.c >&5
configure:3052: $? = 0
configure:3055: test -s conftest.o
configure:3058: $? = 0
configure:3068: result: yes
configure:3036: checking for strings.h
configure:3049: gcc -c -g -O2  conftest.c >&5
configure:3052: $? = 0
configure:3055: test -s conftest.o
configure:3058: $? = 0
configure:3068: result: yes
configure:3036: checking for inttypes.h
configure:3049: gcc -c -g -O2  conftest.c >&5
configure:3052: $? = 0
configure:3055: test -s conftest.o
configure:3058: $? = 0
configure:3068: result: yes
configure:3036: checking for stdint.h
configure:3049: gcc -c -g -O2  conftest.c >&5
configure:3052: $? = 0
configure:3055: test -s conftest.o
configure:3058: $? = 0
configure:3068: result: yes
configure:3036: checking for unistd.h
configure:3049: gcc -c -g -O2  conftest.c >&5
configure:3052: $? = 0
configure:3055: test -s conftest.o
configure:3058: $? = 0
configure:3068: result: yes
configure:3090: checking /usr/include/libgen.h usability
configure:3099: gcc -c -g -O2  conftest.c >&5
configure(3127) error: /usr/include/libgen.h: File or directory doesn't exist
configure:3102: $? = 1
configure: failed program was:
#line 3092 "configure"
#include "confdefs.h"
#include <stdio.h>
#if HAVE_SYS_TYPES_H
# include <sys/types.h>
#endif
#if HAVE_SYS_STAT_H
# include <sys/stat.h>
#endif
#if STDC_HEADERS
# include <stdlib.h>
# include <stddef.h>
#else
# if HAVE_STDLIB_H
#  include <stdlib.h>
# endif
#endif
#if HAVE_STRING_H
# if !STDC_HEADERS && HAVE_MEMORY_H
#  include <memory.h>
# endif
# include <string.h>
#endif
#if HAVE_STRINGS_H
# include <strings.h>
#endif
#if HAVE_INTTYPES_H
# include <inttypes.h>
#else
# if HAVE_STDINT_H
#  include <stdint.h>
# endif
#endif
#if HAVE_UNISTD_H
# include <unistd.h>
#endif
#include </usr/include/libgen.h>
configure:3117: result: no
configure:3121: checking /usr/include/libgen.h presence
configure:3128: gcc -E  conftest.c
configure(3124) error: /usr/include/libgen.h: File or directory doesn't exist
configure:3134: $? = 1
configure: failed program was:
#line 3123 "configure"
#include "confdefs.h"
#include </usr/include/libgen.h>
configure:3152: result: no
configure:3170: checking for /usr/include/libgen.h
configure:3177: result: no
configure:3199: checking /usr/include/stdint.h usability
configure:3208: gcc -c -g -O2  conftest.c >&5
configure:3211: $? = 0
configure:3214: test -s conftest.o
configure:3217: $? = 0
configure:3226: result: yes
configure:3230: checking /usr/include/stdint.h presence
configure:3237: gcc -E  conftest.c
configure:3243: $? = 0
configure:3261: result: yes
configure:3279: checking for /usr/include/stdint.h
configure:3286: result: yes
configure:3309: checking /usr/include/syslog.h usability
configure:3318: gcc -c -g -O2  conftest.c >&5
configure:3321: $? = 0
configure:3324: test -s conftest.o
configure:3327: $? = 0
configure:3336: result: yes
configure:3340: checking /usr/include/syslog.h presence
configure:3347: gcc -E  conftest.c
configure:3353: $? = 0
configure:3371: result: yes
configure:3389: checking for /usr/include/syslog.h
configure:3396: result: yes
configure:3401: checking whether LOG_PERROR works
configure:3411: gcc -o conftest -g -O2   conftest.c  >&5
collect2: ld returned 1 exit status
./ccIHVI8e.o: In function `main':
conftest.c(3): undefined reference to `openlog'
conftest.c(4): undefined reference to `syslog'
conftest.c(5): undefined reference to `closelog'
collect2: ld returned 1 exit status
configure:3414: $? = 1
configure:3428: result: no
configure:3454: checking whether _POSIX_SEMAPHORES works
configure:3489: gcc -o conftest -g -O2   conftest.c  >&5
configure:3492: $? = 0
configure:3494: ./conftest
configure:3497: $? = 0
configure:3499: result: "yes"
configure:3521: checking whether PTHREAD is final version
configure:3540: result: "yes"
configure:3679: creating ./config.status

## ---------------------- ##
## Running config.status. ##
## ---------------------- ##

This file was extended by config.status, which was
generated by GNU Autoconf 2.53.  Invocation command line was

  CONFIG_FILES    = 
  CONFIG_HEADERS  = 
  CONFIG_LINKS    = 
  CONFIG_COMMANDS = 
  $ ./config.status 

on PPC-3

config.status:605: creating Makefile
config.status:605: creating examples/Makefile
config.status:730: executing depfiles commands

## ---------------- ##
## Cache variables. ##
## ---------------- ##

ac_cv_c_compiler_gnu=yes
ac_cv_env_CC_set=
ac_cv_env_CC_value=
ac_cv_env_CFLAGS_set=
ac_cv_env_CFLAGS_value=
ac_cv_env_CPPFLAGS_set=
ac_cv_env_CPPFLAGS_value=
ac_cv_env_CPP_set=
ac_cv_env_CPP_value=
ac_cv_env_LDFLAGS_set=
ac_cv_env_LDFLAGS_value=
ac_cv_env_build_alias_set=
ac_cv_env_build_alias_value=
ac_cv_env_host_alias_set=
ac_cv_env_host_alias_value=
ac_cv_env_target_alias_set=
ac_cv_env_target_alias_value=
ac_cv_exeext=
ac_cv_header__usr_include_libgen_h=no
ac_cv_header__usr_include_stdint_h=yes
ac_cv_header__usr_include_syslog_h=yes
ac_cv_header_inttypes_h=yes
ac_cv_header_memory_h=yes
ac_cv_header_stdc=yes
ac_cv_header_stdint_h=yes
ac_cv_header_stdlib_h=yes
ac_cv_header_string_h=yes
ac_cv_header_strings_h=yes
ac_cv_header_sys_stat_h=yes
ac_cv_header_sys_types_h=yes
ac_cv_header_unistd_h=yes
ac_cv_objext=o
ac_cv_path_install='/bin/install -c'
ac_cv_prog_AWK=gawk
ac_cv_prog_CPP='gcc -E'
ac_cv_prog_ac_ct_CC=gcc
ac_cv_prog_ac_ct_RANLIB=ranlib
ac_cv_prog_cc_g=yes
ac_cv_prog_make_make_set=yes
am_cv_CC_dependencies_compiler_type=gcc
am_cv_prog_cc_stdc=

## ----------- ##
## confdefs.h. ##
## ----------- ##

#define PACKAGE_NAME ""
#define PACKAGE_TARNAME ""
#define PACKAGE_VERSION ""
#define PACKAGE_STRING ""
#define PACKAGE_BUGREPORT ""
#define PACKAGE "compat"
#define VERSION "0.4"
#define STDC_HEADERS 1
#define HAVE_SYS_TYPES_H 1
#define HAVE_SYS_STAT_H 1
#define HAVE_STDLIB_H 1
#define HAVE_STRING_H 1
#define HAVE_MEMORY_H 1
#define HAVE_STRINGS_H 1
#define HAVE_INTTYPES_H 1
#define HAVE_STDINT_H 1
#define HAVE_UNISTD_H 1
#define LOG_PERROR_DOESNT_WORK 1

configure: exit 0
