This file contains any messages produced by compilers while
running configure, to aid debugging if configure makes a mistake.

It was created by configure, which was
generated by GNU Autoconf 2.53.  Invocation command line was

  $ ./configure 

## --------- ##
## Platform. ##
## --------- ##

hostname = ppc-4
uname -m = PowerPC
uname -r = 3.1.0
uname -s = LynxOS
uname -v = 071000-F

/usr/bin/uname -p = unknown
/bin/uname -X     = unknown

/bin/arch              = unknown
/usr/bin/arch -k       = unknown
/usr/convex/getsysinfo = unknown
hostinfo               = unknown
/bin/machine           = unknown
/usr/bin/oslevel       = unknown
/bin/universe          = unknown

PATH: /bin
PATH: /bin/ces
PATH: /usr/bin
PATH: /usr/local/bin
PATH: /etc
PATH: /usr/etc
PATH: .
PATH: /data1/lshabs/tools
PATH: /usr/daq/marabou_pro/powerpc/bin/3.1


## ----------- ##
## Core tests. ##
## ----------- ##

configure:1259: checking for a BSD-compatible install
configure:1313: result: /bin/install -c
configure:1324: checking whether build environment is sane
configure:1367: result: yes
configure:1400: checking for gawk
configure:1416: found /bin/gawk
configure:1426: result: gawk
configure:1436: checking whether make sets ${MAKE}
configure:1456: result: yes
configure:1601: checking whether to enable maintainer-specific portions of Makefiles
configure:1610: result: no
configure:1632: checking build system type
configure:1650: result: powerpc-unknown-lynxos
configure:1658: checking host system type
configure:1672: result: powerpc-unknown-lynxos
configure:1812: checking for g++
configure:1828: found /bin/g++
configure:1838: result: g++
configure:1854: checking for C++ compiler version
configure:1857: g++ --version </dev/null >&5
2.9-gnupro-98r2
configure:1860: $? = 0
configure:1862: g++ -v </dev/null >&5
Reading specs from /usr/lib/gcc-lib/ppc-xcoff-lynxos/2.9-gnupro-98r2/specs
gcc version 2.9-gnupro-98r2
configure:1865: $? = 0
configure:1867: g++ -V </dev/null >&5
g++: argument to `-V' missing

configure:1870: $? = 1
configure:1896: checking for C++ compiler default output
configure:1899: g++    conftest.cc  >&5
configure:1902: $? = 0
configure:1935: result: a.out
configure:1940: checking whether the C++ compiler works
configure:1946: ./a.out
configure:1949: $? = 0
configure:1964: result: yes
configure:1971: checking whether we are cross compiling
configure:1973: result: no
configure:1976: checking for suffix of executables
configure:1978: g++ -o conftest    conftest.cc  >&5
configure:1981: $? = 0
configure:2003: result: 
configure:2009: checking for suffix of object files
configure:2033: g++ -c   conftest.cc >&5
configure:2036: $? = 0
configure:2055: result: o
configure:2059: checking whether we are using the GNU C++ compiler
configure:2086: g++ -c   conftest.cc >&5
configure:2089: $? = 0
configure:2092: test -s conftest.o
configure:2095: $? = 0
configure:2107: result: yes
configure:2113: checking whether g++ accepts -g
configure:2137: g++ -c -g  conftest.cc >&5
configure:2140: $? = 0
configure:2143: test -s conftest.o
configure:2146: $? = 0
configure:2156: result: yes
configure:2202: g++ -c -g -O2  conftest.cc >&5
configure:2205: $? = 0
configure:2208: test -s conftest.o
configure:2211: $? = 0
configure:2239: g++ -c -g -O2  conftest.cc >&5
configure:2242: $? = 0
configure:2245: test -s conftest.o
configure:2248: $? = 0
configure:2289: checking for style of include used by make
configure:2317: result: GNU
configure:2345: checking dependency style of g++
configure:2407: result: gcc
configure:2458: checking for gcc
configure:2474: found /bin/gcc
configure:2484: result: gcc
configure:2728: checking for C compiler version
configure:2731: gcc --version </dev/null >&5
2.9-gnupro-98r2
configure:2734: $? = 0
configure:2736: gcc -v </dev/null >&5
Reading specs from /usr/lib/gcc-lib/ppc-xcoff-lynxos/2.9-gnupro-98r2/specs
gcc version 2.9-gnupro-98r2
configure:2739: $? = 0
configure:2741: gcc -V </dev/null >&5
gcc: argument to `-V' is missing
configure:2744: $? = 1
configure:2747: checking whether we are using the GNU C compiler
configure:2774: gcc -c   conftest.c >&5
configure:2777: $? = 0
configure:2780: test -s conftest.o
configure:2783: $? = 0
configure:2795: result: yes
configure:2801: checking whether gcc accepts -g
configure:2825: gcc -c -g  conftest.c >&5
configure:2828: $? = 0
configure:2831: test -s conftest.o
configure:2834: $? = 0
configure:2844: result: yes
configure:2871: gcc -c -g -O2  conftest.c >&5
conftest.c(2) : error: parse error before `me'
configure:2874: $? = 1
configure: failed program was:
#ifndef __cplusplus
  choke me
#endif
configure:2986: checking dependency style of gcc
configure:3048: result: gcc
configure:3065: checking for a BSD-compatible install
configure:3119: result: /bin/install -c
configure:3171: checking for ranlib
configure:3187: found /bin/ranlib
configure:3198: result: ranlib
configure:4376: checking for library containing Tcl_CreateInterp
configure:4409: gcc -ansi -o conftest -Wall -pedantic -g -O3 -fconserve-space -finline-functions   conftest.c -L/usr/local/lib -L/data1/lshabs/powerpc-unknown-lynxos/lib  >&5
collect2: ld returned 1 exit status
./cch6oNr3.o: In function `main':
conftest.c(4401): undefined reference to `Tcl_CreateInterp'
collect2: ld returned 1 exit status
configure:4412: $? = 1
configure: failed program was:
#line 4383 "configure"
#include "confdefs.h"

/* Override any gcc2 internal prototype to avoid an error.  */
#ifdef __cplusplus
extern "C"
#endif
/* We use char because int might match the return type of a gcc2
   builtin and then its argument prototype would still apply.  */
char Tcl_CreateInterp ();
#ifdef F77_DUMMY_MAIN
#  ifdef __cplusplus
     extern "C"
#  endif
   int F77_DUMMY_MAIN() { return 1; }
#endif
int
main ()
{
Tcl_CreateInterp ();
  ;
  return 0;
}
configure:4455: gcc -ansi -o conftest -Wall -pedantic -g -O3 -fconserve-space -finline-functions   conftest.c -ltcl  -L/usr/local/lib -L/data1/lshabs/powerpc-unknown-lynxos/lib  >&5
collect2: ld returned 1 exit status
tclIOSock.c: undefined reference to `getservbyname'
tclUnixChan.c: undefined reference to `inet_ntoa'
tclUnixChan.c: undefined reference to `gethostbyaddr'
tclUnixChan.c: undefined reference to `inet_ntoa'
tclUnixChan.c: undefined reference to `inet_ntoa'
tclUnixChan.c: undefined reference to `gethostbyaddr'
tclUnixChan.c: undefined reference to `inet_ntoa'
tclUnixChan.c: undefined reference to `inet_addr'
tclUnixChan.c: undefined reference to `gethostbyname'
tclUnixChan.c: undefined reference to `inet_ntoa'
tclUnixSock.c: undefined reference to `gethostbyname'
collect2: ld returned 1 exit status
configure:4458: $? = 1
configure: failed program was:
#line 4429 "configure"
#include "confdefs.h"

/* Override any gcc2 internal prototype to avoid an error.  */
#ifdef __cplusplus
extern "C"
#endif
/* We use char because int might match the return type of a gcc2
   builtin and then its argument prototype would still apply.  */
char Tcl_CreateInterp ();
#ifdef F77_DUMMY_MAIN
#  ifdef __cplusplus
     extern "C"
#  endif
   int F77_DUMMY_MAIN() { return 1; }
#endif
int
main ()
{
Tcl_CreateInterp ();
  ;
  return 0;
}
configure:4455: gcc -ansi -o conftest -Wall -pedantic -g -O3 -fconserve-space -finline-functions   conftest.c -ltcl8.3  -L/usr/local/lib -L/data1/lshabs/powerpc-unknown-lynxos/lib  >&5
collect2: ld returned 1 exit status
/usr/lib/gcc-lib/ppc-xcoff-lynxos/2.9-gnupro-98r2/../../../../ppc-xcoff-lynxos/bin/ld: cannot open -ltcl8.3: File or directory doesn't exist
collect2: ld returned 1 exit status
configure:4458: $? = 1
configure: failed program was:
#line 4429 "configure"
#include "confdefs.h"

/* Override any gcc2 internal prototype to avoid an error.  */
#ifdef __cplusplus
extern "C"
#endif
/* We use char because int might match the return type of a gcc2
   builtin and then its argument prototype would still apply.  */
char Tcl_CreateInterp ();
#ifdef F77_DUMMY_MAIN
#  ifdef __cplusplus
     extern "C"
#  endif
   int F77_DUMMY_MAIN() { return 1; }
#endif
int
main ()
{
Tcl_CreateInterp ();
  ;
  return 0;
}
configure:4455: gcc -ansi -o conftest -Wall -pedantic -g -O3 -fconserve-space -finline-functions   conftest.c -ltcl8.2  -L/usr/local/lib -L/data1/lshabs/powerpc-unknown-lynxos/lib  >&5
collect2: ld returned 1 exit status
/usr/lib/gcc-lib/ppc-xcoff-lynxos/2.9-gnupro-98r2/../../../../ppc-xcoff-lynxos/bin/ld: cannot open -ltcl8.2: File or directory doesn't exist
collect2: ld returned 1 exit status
configure:4458: $? = 1
configure: failed program was:
#line 4429 "configure"
#include "confdefs.h"

/* Override any gcc2 internal prototype to avoid an error.  */
#ifdef __cplusplus
extern "C"
#endif
/* We use char because int might match the return type of a gcc2
   builtin and then its argument prototype would still apply.  */
char Tcl_CreateInterp ();
#ifdef F77_DUMMY_MAIN
#  ifdef __cplusplus
     extern "C"
#  endif
   int F77_DUMMY_MAIN() { return 1; }
#endif
int
main ()
{
Tcl_CreateInterp ();
  ;
  return 0;
}
configure:4455: gcc -ansi -o conftest -Wall -pedantic -g -O3 -fconserve-space -finline-functions   conftest.c -ltcl8.0  -L/usr/local/lib -L/data1/lshabs/powerpc-unknown-lynxos/lib  >&5
collect2: ld returned 1 exit status
tclIOSock.c: undefined reference to `getservbyname'
tclUnixChan.c: undefined reference to `inet_ntoa'
tclUnixChan.c: undefined reference to `gethostbyaddr'
tclUnixChan.c: undefined reference to `inet_ntoa'
tclUnixChan.c: undefined reference to `inet_ntoa'
tclUnixChan.c: undefined reference to `gethostbyaddr'
tclUnixChan.c: undefined reference to `inet_ntoa'
tclUnixChan.c: undefined reference to `inet_addr'
tclUnixChan.c: undefined reference to `gethostbyname'
tclUnixChan.c: undefined reference to `inet_ntoa'
tclUnixSock.c: undefined reference to `gethostbyname'
collect2: ld returned 1 exit status
configure:4458: $? = 1
configure: failed program was:
#line 4429 "configure"
#include "confdefs.h"

/* Override any gcc2 internal prototype to avoid an error.  */
#ifdef __cplusplus
extern "C"
#endif
/* We use char because int might match the return type of a gcc2
   builtin and then its argument prototype would still apply.  */
char Tcl_CreateInterp ();
#ifdef F77_DUMMY_MAIN
#  ifdef __cplusplus
     extern "C"
#  endif
   int F77_DUMMY_MAIN() { return 1; }
#endif
int
main ()
{
Tcl_CreateInterp ();
  ;
  return 0;
}
configure:4455: gcc -ansi -o conftest -Wall -pedantic -g -O3 -fconserve-space -finline-functions   conftest.c -ltcl7.4  -L/usr/local/lib -L/data1/lshabs/powerpc-unknown-lynxos/lib  >&5
collect2: ld returned 1 exit status
/usr/lib/gcc-lib/ppc-xcoff-lynxos/2.9-gnupro-98r2/../../../../ppc-xcoff-lynxos/bin/ld: cannot open -ltcl7.4: File or directory doesn't exist
collect2: ld returned 1 exit status
configure:4458: $? = 1
configure: failed program was:
#line 4429 "configure"
#include "confdefs.h"

/* Override any gcc2 internal prototype to avoid an error.  */
#ifdef __cplusplus
extern "C"
#endif
/* We use char because int might match the return type of a gcc2
   builtin and then its argument prototype would still apply.  */
char Tcl_CreateInterp ();
#ifdef F77_DUMMY_MAIN
#  ifdef __cplusplus
     extern "C"
#  endif
   int F77_DUMMY_MAIN() { return 1; }
#endif
int
main ()
{
Tcl_CreateInterp ();
  ;
  return 0;
}
configure:4477: result: no
configure:4485: checking for conSetupParam in -ltclParam
configure:4518: gcc -ansi -o conftest -Wall -pedantic -g -O3 -fconserve-space -finline-functions   conftest.c -ltclParam  -L/usr/local/lib -L/data1/lshabs/powerpc-unknown-lynxos/lib  >&5
collect2: ld returned 1 exit status
/usr/local/lib/libtclParam.a(libtclParam_a-tclParam.o): In function `conSetupParam':
tclParam.c(115): undefined reference to `Tcl_CreateInterp'
tclParam.c(116): undefined reference to `Tcl_EvalFile'
/usr/local/lib/libtclParam.a(libtclParam_a-tclParam.o): In function `conParam':
tclParam.c(200): undefined reference to `Tcl_CreateInterp'
tclParam.c(201): undefined reference to `Tcl_EvalFile'
/usr/local/lib/libtclParam.a(libtclParam_a-tclParam.o): In function `desParam':
tclParam.c(253): undefined reference to `Tcl_DeleteInterp'
/usr/local/lib/libtclParam.a(libtclParam_a-tclParam.o): In function `Param_getStringArray':
tclParam.c(349): undefined reference to `Tcl_GetVar2'
tclParam.c(350): undefined reference to `Tcl_GetVar2'
tclParam.c(356): undefined reference to `Tcl_GetVar2'
tclParam.c(357): undefined reference to `Tcl_GetVar2'
/usr/local/lib/libtclParam.a(libtclParam_a-tclParam.o): In function `Param_storeInt':
tclParam.c(438): undefined reference to `Tcl_Eval'
/usr/local/lib/libtclParam.a(libtclParam_a-tclParam.o): In function `Param_storeString':
tclParam.c(455): undefined reference to `Tcl_Eval'
collect2: ld returned 1 exit status
configure:4521: $? = 1
configure: failed program was:
#line 4492 "configure"
#include "confdefs.h"

/* Override any gcc2 internal prototype to avoid an error.  */
#ifdef __cplusplus
extern "C"
#endif
/* We use char because int might match the return type of a gcc2
   builtin and then its argument prototype would still apply.  */
char conSetupParam ();
#ifdef F77_DUMMY_MAIN
#  ifdef __cplusplus
     extern "C"
#  endif
   int F77_DUMMY_MAIN() { return 1; }
#endif
int
main ()
{
conSetupParam ();
  ;
  return 0;
}
configure:4538: result: no
configure:4559: checking how to run the C preprocessor
configure:4585: gcc -ansi -E -I/usr/local/include -I/data1/lshabs/include  conftest.c
configure:4591: $? = 0
configure:4618: gcc -ansi -E -I/usr/local/include -I/data1/lshabs/include  conftest.c
configure(4614) error: ac_nonexistent.h: File or directory doesn't exist
configure:4624: $? = 1
configure: failed program was:
#line 4613 "configure"
#include "confdefs.h"
#include <ac_nonexistent.h>
configure:4661: result: gcc -ansi -E
configure:4676: gcc -ansi -E -I/usr/local/include -I/data1/lshabs/include  conftest.c
configure:4682: $? = 0
configure:4709: gcc -ansi -E -I/usr/local/include -I/data1/lshabs/include  conftest.c
configure(4705) error: ac_nonexistent.h: File or directory doesn't exist
configure:4715: $? = 1
configure: failed program was:
#line 4704 "configure"
#include "confdefs.h"
#include <ac_nonexistent.h>
configure:4755: checking for ANSI C header files
configure:4769: gcc -ansi -E -I/usr/local/include -I/data1/lshabs/include  conftest.c
configure:4775: $? = 0
configure:4860: gcc -ansi -o conftest -Wall -pedantic -g -O3 -fconserve-space -finline-functions -I/usr/local/include -I/data1/lshabs/include   conftest.c -L/usr/local/lib -L/data1/lshabs/powerpc-unknown-lynxos/lib  >&5
configure:4863: $? = 0
configure:4865: ./conftest
configure:4868: $? = 0
configure:4882: result: yes
configure:4906: checking for sys/types.h
configure:4919: gcc -ansi -c -Wall -pedantic -g -O3 -fconserve-space -finline-functions -I/usr/local/include -I/data1/lshabs/include  conftest.c >&5
configure:4922: $? = 0
configure:4925: test -s conftest.o
configure:4928: $? = 0
configure:4938: result: yes
configure:4906: checking for sys/stat.h
configure:4919: gcc -ansi -c -Wall -pedantic -g -O3 -fconserve-space -finline-functions -I/usr/local/include -I/data1/lshabs/include  conftest.c >&5
configure:4922: $? = 0
configure:4925: test -s conftest.o
configure:4928: $? = 0
configure:4938: result: yes
configure:4906: checking for stdlib.h
configure:4919: gcc -ansi -c -Wall -pedantic -g -O3 -fconserve-space -finline-functions -I/usr/local/include -I/data1/lshabs/include  conftest.c >&5
configure:4922: $? = 0
configure:4925: test -s conftest.o
configure:4928: $? = 0
configure:4938: result: yes
configure:4906: checking for string.h
configure:4919: gcc -ansi -c -Wall -pedantic -g -O3 -fconserve-space -finline-functions -I/usr/local/include -I/data1/lshabs/include  conftest.c >&5
configure:4922: $? = 0
configure:4925: test -s conftest.o
configure:4928: $? = 0
configure:4938: result: yes
configure:4906: checking for memory.h
configure:4919: gcc -ansi -c -Wall -pedantic -g -O3 -fconserve-space -finline-functions -I/usr/local/include -I/data1/lshabs/include  conftest.c >&5
configure:4922: $? = 0
configure:4925: test -s conftest.o
configure:4928: $? = 0
configure:4938: result: yes
configure:4906: checking for strings.h
configure:4919: gcc -ansi -c -Wall -pedantic -g -O3 -fconserve-space -finline-functions -I/usr/local/include -I/data1/lshabs/include  conftest.c >&5
configure:4922: $? = 0
configure:4925: test -s conftest.o
configure:4928: $? = 0
configure:4938: result: yes
configure:4906: checking for inttypes.h
configure:4919: gcc -ansi -c -Wall -pedantic -g -O3 -fconserve-space -finline-functions -I/usr/local/include -I/data1/lshabs/include  conftest.c >&5
configure:4922: $? = 0
configure:4925: test -s conftest.o
configure:4928: $? = 0
configure:4938: result: yes
configure:4906: checking for stdint.h
configure:4919: gcc -ansi -c -Wall -pedantic -g -O3 -fconserve-space -finline-functions -I/usr/local/include -I/data1/lshabs/include  conftest.c >&5
configure:4922: $? = 0
configure:4925: test -s conftest.o
configure:4928: $? = 0
configure:4938: result: yes
configure:4906: checking for unistd.h
configure:4919: gcc -ansi -c -Wall -pedantic -g -O3 -fconserve-space -finline-functions -I/usr/local/include -I/data1/lshabs/include  conftest.c >&5
configure:4922: $? = 0
configure:4925: test -s conftest.o
configure:4928: $? = 0
configure:4938: result: yes
configure:4964: checking syslog.h usability
configure:4973: gcc -ansi -c -Wall -pedantic -g -O3 -fconserve-space -finline-functions -I/usr/local/include -I/data1/lshabs/include  conftest.c >&5
configure:4976: $? = 0
configure:4979: test -s conftest.o
configure:4982: $? = 0
configure:4991: result: yes
configure:4995: checking syslog.h presence
configure:5002: gcc -ansi -E -I/usr/local/include -I/data1/lshabs/include  conftest.c
configure:5008: $? = 0
configure:5026: result: yes
configure:5044: checking for syslog.h
configure:5051: result: yes
configure:5297: checking tcl.h usability
configure:5306: gcc -ansi -c -Wall -pedantic -g -O3 -fconserve-space -finline-functions -I/usr/local/include -I/data1/lshabs/include  conftest.c >&5
configure:5309: $? = 0
configure:5312: test -s conftest.o
configure:5315: $? = 0
configure:5324: result: yes
configure:5328: checking tcl.h presence
configure:5335: gcc -ansi -E -I/usr/local/include -I/data1/lshabs/include  conftest.c
configure:5341: $? = 0
configure:5359: result: yes
configure:5377: checking for tcl.h
configure:5384: result: yes
configure:5798: checking for gcc -ansi option to accept ANSI C
configure:5861: gcc -ansi  -c -Wall -pedantic -g -O3 -fconserve-space -finline-functions -I/usr/local/include -I/data1/lshabs/include  conftest.c >&5
configure:5864: $? = 0
configure:5867: test -s conftest.o
configure:5870: $? = 0
configure:5887: result: none needed
configure:5895: checking for an ANSI C-conforming const
configure:5965: gcc -ansi -c -Wall -pedantic -g -O3 -fconserve-space -finline-functions -I/usr/local/include -I/data1/lshabs/include  conftest.c >&5
configure: In function `main':
configure(5934) : warning: unused variable `s'
configure(5954) : warning: unused variable `foo'
configure(5921) : warning: unused variable `zero'
configure(5915) : warning: unused variable `x'
configure(5933) : warning: `t' might be used uninitialized in this function
configure(5951) : warning: `b' might be used uninitialized in this function
configure:5968: $? = 0
configure:5971: test -s conftest.o
configure:5974: $? = 0
configure:5984: result: yes
configure:5994: checking for size_t
configure:6021: gcc -ansi -c -Wall -pedantic -g -O3 -fconserve-space -finline-functions -I/usr/local/include -I/data1/lshabs/include  conftest.c >&5
configure:6024: $? = 0
configure:6027: test -s conftest.o
configure:6030: $? = 0
configure:6040: result: yes
configure:6061: checking for select
configure:6104: gcc -ansi -o conftest -Wall -pedantic -g -O3 -fconserve-space -finline-functions -I/usr/local/include -I/data1/lshabs/include   conftest.c -L/usr/local/lib -L/data1/lshabs/powerpc-unknown-lynxos/lib  >&5
configure:6107: $? = 0
configure:6110: test -s conftest
configure:6113: $? = 0
configure:6123: result: yes
configure:6061: checking for strerror
configure:6104: gcc -ansi -o conftest -Wall -pedantic -g -O3 -fconserve-space -finline-functions -I/usr/local/include -I/data1/lshabs/include   conftest.c -L/usr/local/lib -L/data1/lshabs/powerpc-unknown-lynxos/lib  >&5
configure:6107: $? = 0
configure:6110: test -s conftest
configure:6113: $? = 0
configure:6123: result: yes
configure:6061: checking for strtoul
configure:6104: gcc -ansi -o conftest -Wall -pedantic -g -O3 -fconserve-space -finline-functions -I/usr/local/include -I/data1/lshabs/include   conftest.c -L/usr/local/lib -L/data1/lshabs/powerpc-unknown-lynxos/lib  >&5
configure:6107: $? = 0
configure:6110: test -s conftest
configure:6113: $? = 0
configure:6123: result: yes
configure:6061: checking for uname
configure:6104: gcc -ansi -o conftest -Wall -pedantic -g -O3 -fconserve-space -finline-functions -I/usr/local/include -I/data1/lshabs/include   conftest.c -L/usr/local/lib -L/data1/lshabs/powerpc-unknown-lynxos/lib  >&5
configure:6107: $? = 0
configure:6110: test -s conftest
configure:6113: $? = 0
configure:6123: result: yes
configure:6229: creating ./config.status

## ---------------------- ##
## Running config.status. ##
## ---------------------- ##

This file was extended by config.status, which was
generated by GNU Autoconf 2.53.  Invocation command line was

  CONFIG_FILES    = 
  CONFIG_HEADERS  = 
  CONFIG_LINKS    = 
  CONFIG_COMMANDS = 
  $ ./config.status 

on ppc-4

config.status:626: creating Makefile
config.status:626: creating examples/Makefile
config.status:730: creating config.h
config.status:946: executing depfiles commands

## ---------------- ##
## Cache variables. ##
## ---------------- ##

ac_cv_build=powerpc-unknown-lynxos
ac_cv_build_alias=powerpc-unknown-lynxos3.1.0
ac_cv_c_compiler_gnu=yes
ac_cv_c_const=yes
ac_cv_cxx_compiler_gnu=yes
ac_cv_env_CC_set=
ac_cv_env_CC_value=
ac_cv_env_CFLAGS_set=
ac_cv_env_CFLAGS_value=
ac_cv_env_CPPFLAGS_set=
ac_cv_env_CPPFLAGS_value=
ac_cv_env_CPP_set=
ac_cv_env_CPP_value=
ac_cv_env_CXXFLAGS_set=
ac_cv_env_CXXFLAGS_value=
ac_cv_env_CXX_set=
ac_cv_env_CXX_value=
ac_cv_env_LDFLAGS_set=
ac_cv_env_LDFLAGS_value=
ac_cv_env_build_alias_set=
ac_cv_env_build_alias_value=
ac_cv_env_host_alias_set=
ac_cv_env_host_alias_value=
ac_cv_env_target_alias_set=
ac_cv_env_target_alias_value=
ac_cv_exeext=
ac_cv_func_select=yes
ac_cv_func_strerror=yes
ac_cv_func_strtoul=yes
ac_cv_func_uname=yes
ac_cv_header_inttypes_h=yes
ac_cv_header_memory_h=yes
ac_cv_header_stdc=yes
ac_cv_header_stdint_h=yes
ac_cv_header_stdlib_h=yes
ac_cv_header_string_h=yes
ac_cv_header_strings_h=yes
ac_cv_header_sys_stat_h=yes
ac_cv_header_sys_types_h=yes
ac_cv_header_syslog_h=yes
ac_cv_header_tcl_h=yes
ac_cv_header_unistd_h=yes
ac_cv_host=powerpc-unknown-lynxos
ac_cv_host_alias=powerpc-unknown-lynxos3.1.0
ac_cv_lib_tclParam_conSetupParam=no
ac_cv_objext=o
ac_cv_path_install='/bin/install -c'
ac_cv_prog_AWK=gawk
ac_cv_prog_CPP='gcc -ansi -E'
ac_cv_prog_ac_ct_CC=gcc
ac_cv_prog_ac_ct_CXX=g++
ac_cv_prog_ac_ct_RANLIB=ranlib
ac_cv_prog_cc_g=yes
ac_cv_prog_cc_stdc=
ac_cv_prog_cxx_g=yes
ac_cv_prog_make_make_set=yes
ac_cv_search_Tcl_CreateInterp=no
ac_cv_type_size_t=yes
am_cv_CC_dependencies_compiler_type=gcc
am_cv_CXX_dependencies_compiler_type=gcc

## ----------- ##
## confdefs.h. ##
## ----------- ##

#define PACKAGE_NAME ""
#define PACKAGE_TARNAME ""
#define PACKAGE_VERSION ""
#define PACKAGE_STRING ""
#define PACKAGE_BUGREPORT ""
#define PACKAGE "allParam"
#define VERSION "0.4"
#define STDC_HEADERS 1
#define HAVE_SYS_TYPES_H 1
#define HAVE_SYS_STAT_H 1
#define HAVE_STDLIB_H 1
#define HAVE_STRING_H 1
#define HAVE_MEMORY_H 1
#define HAVE_STRINGS_H 1
#define HAVE_INTTYPES_H 1
#define HAVE_STDINT_H 1
#define HAVE_UNISTD_H 1
#define HAVE_SYSLOG_H 1
#define HAVE_SELECT 1
#define HAVE_STRERROR 1
#define HAVE_STRTOUL 1
#define HAVE_UNAME 1

configure: exit 0
